<?xml version="1.0" encoding="UTF-8"?>
<testsuites>
  <testsuite name="/Users/aivisvigo/PhpstormProjects/aef64415-fdda-4bc1-8525-7fe36cca1dc6/tests" tests="29" assertions="136" errors="0" warnings="0" failures="3" skipped="0" time="13.876823">
    <testsuite name="Tests\Browser\AppFunctionalityTest" file="/Users/aivisvigo/PhpstormProjects/aef64415-fdda-4bc1-8525-7fe36cca1dc6/tests/Browser/AppFunctionalityTest.php" tests="13" assertions="21" errors="0" warnings="0" failures="2" skipped="0" time="4.189737">
      <testcase name="testCanAccessIndex" class="Tests\Browser\AppFunctionalityTest" classname="Tests.Browser.AppFunctionalityTest" file="/Users/aivisvigo/PhpstormProjects/aef64415-fdda-4bc1-8525-7fe36cca1dc6/tests/Browser/AppFunctionalityTest.php" line="59" assertions="1" time="0.760900"/>
      <testcase name="testLoginEmailValidation" class="Tests\Browser\AppFunctionalityTest" classname="Tests.Browser.AppFunctionalityTest" file="/Users/aivisvigo/PhpstormProjects/aef64415-fdda-4bc1-8525-7fe36cca1dc6/tests/Browser/AppFunctionalityTest.php" line="73" assertions="2" time="0.163802"/>
      <testcase name="testRegisterEmailValidation" class="Tests\Browser\AppFunctionalityTest" classname="Tests.Browser.AppFunctionalityTest" file="/Users/aivisvigo/PhpstormProjects/aef64415-fdda-4bc1-8525-7fe36cca1dc6/tests/Browser/AppFunctionalityTest.php" line="90" assertions="2" time="0.129597"/>
      <testcase name="testRegisterPasswordValidation" class="Tests\Browser\AppFunctionalityTest" classname="Tests.Browser.AppFunctionalityTest" file="/Users/aivisvigo/PhpstormProjects/aef64415-fdda-4bc1-8525-7fe36cca1dc6/tests/Browser/AppFunctionalityTest.php" line="107" assertions="2" time="0.130598"/>
      <testcase name="testLoginErrorMessage" class="Tests\Browser\AppFunctionalityTest" classname="Tests.Browser.AppFunctionalityTest" file="/Users/aivisvigo/PhpstormProjects/aef64415-fdda-4bc1-8525-7fe36cca1dc6/tests/Browser/AppFunctionalityTest.php" line="124" assertions="2" time="0.435995"/>
      <testcase name="testRegisterSuccessMessage" class="Tests\Browser\AppFunctionalityTest" classname="Tests.Browser.AppFunctionalityTest" file="/Users/aivisvigo/PhpstormProjects/aef64415-fdda-4bc1-8525-7fe36cca1dc6/tests/Browser/AppFunctionalityTest.php" line="142" assertions="1" time="0.353536"/>
      <testcase name="testSuccessRouteGuard" class="Tests\Browser\AppFunctionalityTest" classname="Tests.Browser.AppFunctionalityTest" file="/Users/aivisvigo/PhpstormProjects/aef64415-fdda-4bc1-8525-7fe36cca1dc6/tests/Browser/AppFunctionalityTest.php" line="163" assertions="1" time="0.079472"/>
      <testcase name="testDoesLoginFail" class="Tests\Browser\AppFunctionalityTest" classname="Tests.Browser.AppFunctionalityTest" file="/Users/aivisvigo/PhpstormProjects/aef64415-fdda-4bc1-8525-7fe36cca1dc6/tests/Browser/AppFunctionalityTest.php" line="177" assertions="1" time="0.464495">
        <failure type="PHPUnit\Framework\ExpectationFailedException">Tests\Browser\AppFunctionalityTest::testDoesLoginFail
Actual path [/success] does not equal expected path [/].
Failed asserting that '/success' matches PCRE pattern "/^\/$/u".

/Users/aivisvigo/PhpstormProjects/aef64415-fdda-4bc1-8525-7fe36cca1dc6/vendor/laravel/dusk/src/Concerns/MakesUrlAssertions.php:185
/Users/aivisvigo/PhpstormProjects/aef64415-fdda-4bc1-8525-7fe36cca1dc6/vendor/laravel/dusk/src/Concerns/MakesUrlAssertions.php:218
/Users/aivisvigo/PhpstormProjects/aef64415-fdda-4bc1-8525-7fe36cca1dc6/tests/Browser/AppFunctionalityTest.php:184
/Users/aivisvigo/PhpstormProjects/aef64415-fdda-4bc1-8525-7fe36cca1dc6/vendor/laravel/dusk/src/Concerns/ProvidesBrowser.php:69
/Users/aivisvigo/PhpstormProjects/aef64415-fdda-4bc1-8525-7fe36cca1dc6/tests/Browser/AppFunctionalityTest.php:186
phpvfscomposer:///Users/aivisvigo/PhpstormProjects/aef64415-fdda-4bc1-8525-7fe36cca1dc6/vendor/phpunit/phpunit/phpunit:106</failure>
      </testcase>
      <testcase name="testDoesRegisterFail" class="Tests\Browser\AppFunctionalityTest" classname="Tests.Browser.AppFunctionalityTest" file="/Users/aivisvigo/PhpstormProjects/aef64415-fdda-4bc1-8525-7fe36cca1dc6/tests/Browser/AppFunctionalityTest.php" line="195" assertions="2" time="0.265411"/>
      <testcase name="testDoesRegisterSucceed" class="Tests\Browser\AppFunctionalityTest" classname="Tests.Browser.AppFunctionalityTest" file="/Users/aivisvigo/PhpstormProjects/aef64415-fdda-4bc1-8525-7fe36cca1dc6/tests/Browser/AppFunctionalityTest.php" line="216" assertions="2" time="0.588039">
        <failure type="PHPUnit\Framework\ExpectationFailedException">Tests\Browser\AppFunctionalityTest::testDoesRegisterSucceed
User is not created
Failed asserting that null is not null.

/Users/aivisvigo/PhpstormProjects/aef64415-fdda-4bc1-8525-7fe36cca1dc6/tests/Browser/AppFunctionalityTest.php:228
/Users/aivisvigo/PhpstormProjects/aef64415-fdda-4bc1-8525-7fe36cca1dc6/vendor/laravel/dusk/src/Concerns/ProvidesBrowser.php:69
/Users/aivisvigo/PhpstormProjects/aef64415-fdda-4bc1-8525-7fe36cca1dc6/tests/Browser/AppFunctionalityTest.php:229
phpvfscomposer:///Users/aivisvigo/PhpstormProjects/aef64415-fdda-4bc1-8525-7fe36cca1dc6/vendor/phpunit/phpunit/phpunit:106</failure>
      </testcase>
      <testcase name="testDoesLoginSucceed" class="Tests\Browser\AppFunctionalityTest" classname="Tests.Browser.AppFunctionalityTest" file="/Users/aivisvigo/PhpstormProjects/aef64415-fdda-4bc1-8525-7fe36cca1dc6/tests/Browser/AppFunctionalityTest.php" line="238" assertions="2" time="0.338996"/>
      <testcase name="testSuccessPageContent" class="Tests\Browser\AppFunctionalityTest" classname="Tests.Browser.AppFunctionalityTest" file="/Users/aivisvigo/PhpstormProjects/aef64415-fdda-4bc1-8525-7fe36cca1dc6/tests/Browser/AppFunctionalityTest.php" line="257" assertions="1" time="0.211977"/>
      <testcase name="testLogout" class="Tests\Browser\AppFunctionalityTest" classname="Tests.Browser.AppFunctionalityTest" file="/Users/aivisvigo/PhpstormProjects/aef64415-fdda-4bc1-8525-7fe36cca1dc6/tests/Browser/AppFunctionalityTest.php" line="279" assertions="2" time="0.266919"/>
    </testsuite>
    <testsuite name="Tests\Browser\AppStylingTest" file="/Users/aivisvigo/PhpstormProjects/aef64415-fdda-4bc1-8525-7fe36cca1dc6/tests/Browser/AppStylingTest.php" tests="16" assertions="115" errors="0" warnings="0" failures="1" skipped="0" time="9.687086">
      <testcase name="testIsCorrectFontFamily" class="Tests\Browser\AppStylingTest" classname="Tests.Browser.AppStylingTest" file="/Users/aivisvigo/PhpstormProjects/aef64415-fdda-4bc1-8525-7fe36cca1dc6/tests/Browser/AppStylingTest.php" line="109" assertions="1" time="0.602292"/>
      <testcase name="testIsButtonCorrectColor" class="Tests\Browser\AppStylingTest" classname="Tests.Browser.AppStylingTest" file="/Users/aivisvigo/PhpstormProjects/aef64415-fdda-4bc1-8525-7fe36cca1dc6/tests/Browser/AppStylingTest.php" line="126" assertions="6" time="0.601620"/>
      <testcase name="testIsHeaderIconsCorrectColor" class="Tests\Browser\AppStylingTest" classname="Tests.Browser.AppStylingTest" file="/Users/aivisvigo/PhpstormProjects/aef64415-fdda-4bc1-8525-7fe36cca1dc6/tests/Browser/AppStylingTest.php" line="146" assertions="6" time="0.539423"/>
      <testcase name="testIsHeaderLinksCorrectColor" class="Tests\Browser\AppStylingTest" classname="Tests.Browser.AppStylingTest" file="/Users/aivisvigo/PhpstormProjects/aef64415-fdda-4bc1-8525-7fe36cca1dc6/tests/Browser/AppStylingTest.php" line="166" assertions="18" time="1.569773"/>
      <testcase name="testIsHeaderLinksWithoutUnderline" class="Tests\Browser\AppStylingTest" classname="Tests.Browser.AppStylingTest" file="/Users/aivisvigo/PhpstormProjects/aef64415-fdda-4bc1-8525-7fe36cca1dc6/tests/Browser/AppStylingTest.php" line="186" assertions="18" time="1.497978"/>
      <testcase name="testIsHeaderLinksCorrectWeight" class="Tests\Browser\AppStylingTest" classname="Tests.Browser.AppStylingTest" file="/Users/aivisvigo/PhpstormProjects/aef64415-fdda-4bc1-8525-7fe36cca1dc6/tests/Browser/AppStylingTest.php" line="206" assertions="6" time="0.089946"/>
      <testcase name="testIsHeaderLinksUppercase" class="Tests\Browser\AppStylingTest" classname="Tests.Browser.AppStylingTest" file="/Users/aivisvigo/PhpstormProjects/aef64415-fdda-4bc1-8525-7fe36cca1dc6/tests/Browser/AppStylingTest.php" line="225" assertions="6" time="0.081420"/>
      <testcase name="testDoesHeaderBarHaveShadow" class="Tests\Browser\AppStylingTest" classname="Tests.Browser.AppStylingTest" file="/Users/aivisvigo/PhpstormProjects/aef64415-fdda-4bc1-8525-7fe36cca1dc6/tests/Browser/AppStylingTest.php" line="242" assertions="1" time="0.054988"/>
      <testcase name="testForgotPasswordColor" class="Tests\Browser\AppStylingTest" classname="Tests.Browser.AppStylingTest" file="/Users/aivisvigo/PhpstormProjects/aef64415-fdda-4bc1-8525-7fe36cca1dc6/tests/Browser/AppStylingTest.php" line="260" assertions="3" time="0.297216"/>
      <testcase name="testForgotPasswordUnderline" class="Tests\Browser\AppStylingTest" classname="Tests.Browser.AppStylingTest" file="/Users/aivisvigo/PhpstormProjects/aef64415-fdda-4bc1-8525-7fe36cca1dc6/tests/Browser/AppStylingTest.php" line="279" assertions="1" time="0.059887"/>
      <testcase name="testFooterLinksColor" class="Tests\Browser\AppStylingTest" classname="Tests.Browser.AppStylingTest" file="/Users/aivisvigo/PhpstormProjects/aef64415-fdda-4bc1-8525-7fe36cca1dc6/tests/Browser/AppStylingTest.php" line="297" assertions="21" time="1.783130"/>
      <testcase name="testFooterLinksUnderline" class="Tests\Browser\AppStylingTest" classname="Tests.Browser.AppStylingTest" file="/Users/aivisvigo/PhpstormProjects/aef64415-fdda-4bc1-8525-7fe36cca1dc6/tests/Browser/AppStylingTest.php" line="317" assertions="21" time="1.776318"/>
      <testcase name="testCheckboxStyling" class="Tests\Browser\AppStylingTest" classname="Tests.Browser.AppStylingTest" file="/Users/aivisvigo/PhpstormProjects/aef64415-fdda-4bc1-8525-7fe36cca1dc6/tests/Browser/AppStylingTest.php" line="337" assertions="3" time="0.205306"/>
      <testcase name="testRegisterSectionTitle" class="Tests\Browser\AppStylingTest" classname="Tests.Browser.AppStylingTest" file="/Users/aivisvigo/PhpstormProjects/aef64415-fdda-4bc1-8525-7fe36cca1dc6/tests/Browser/AppStylingTest.php" line="371" assertions="1" time="0.068285"/>
      <testcase name="testRegisterFormTitles" class="Tests\Browser\AppStylingTest" classname="Tests.Browser.AppStylingTest" file="/Users/aivisvigo/PhpstormProjects/aef64415-fdda-4bc1-8525-7fe36cca1dc6/tests/Browser/AppStylingTest.php" line="389" assertions="2" time="0.072794"/>
      <testcase name="testFooterCopyright" class="Tests\Browser\AppStylingTest" classname="Tests.Browser.AppStylingTest" file="/Users/aivisvigo/PhpstormProjects/aef64415-fdda-4bc1-8525-7fe36cca1dc6/tests/Browser/AppStylingTest.php" line="414" assertions="1" time="0.386710">
        <failure type="PHPUnit\Framework\ExpectationFailedException">Tests\Browser\AppStylingTest::testFooterCopyright
Couldn't find text "© 2023 Pineapple Ltd."
Failed asserting that false is true.

/Users/aivisvigo/PhpstormProjects/aef64415-fdda-4bc1-8525-7fe36cca1dc6/tests/Browser/AppStylingTest.php:423
/Users/aivisvigo/PhpstormProjects/aef64415-fdda-4bc1-8525-7fe36cca1dc6/vendor/laravel/dusk/src/Concerns/ProvidesBrowser.php:69
/Users/aivisvigo/PhpstormProjects/aef64415-fdda-4bc1-8525-7fe36cca1dc6/tests/Browser/AppStylingTest.php:425
phpvfscomposer:///Users/aivisvigo/PhpstormProjects/aef64415-fdda-4bc1-8525-7fe36cca1dc6/vendor/phpunit/phpunit/phpunit:106</failure>
      </testcase>
    </testsuite>
  </testsuite>
</testsuites>
